<?xml version="1.0" encoding="UTF-8"?>
<testsuite xmlns:xsi="http://www.w3.org/2001/XMLSchema-instance" xsi:noNamespaceSchemaLocation="https://maven.apache.org/surefire/maven-surefire-plugin/xsd/surefire-test-report-3.0.xsd" version="3.0" name="CreateOrderTest" time="0.593" tests="4" errors="0" skipped="0" failures="0">
  <properties>
[...]
</properties>
  <testcase name="createOrderWithDifferentColors(String, String[])[1]" classname="CreateOrderTest" time="0.17">
    <system-out><![CDATA[Request method:	POST
Request URI:	http://qa-scooter.praktikum-services.ru/api/v1/orders
Proxy:			<none>
Request params:	<none>
Query params:	<none>
Form params:	<none>
Path params:	<none>
Headers:		Accept=*/*
				Content-Type=application/json
Cookies:		<none>
Multiparts:		<none>
Body:
{
    "firstName": "Иван",
    "lastName": "Иванов",
    "address": "Москва, ул. Ленина, д. 1",
    "metroStation": "Сокольники",
    "phone": "+79999999999",
    "rentTime": 3,
    "deliveryDate": "2024-12-31",
    "comment": "Тестовый комментарий",
    "color": [
        "BLACK"
    ]
}
HTTP/1.1 201 Created
Date: Sun, 19 Oct 2025 21:35:15 GMT
Content-Type: application/json; charset=utf-8
X-Powered-By: Express
ETag: W/"10-yNIBQARqGAnpIkogmIvRKXgaTG8"
X-Request-Id: 1760909715057287-5141754218642786347
Content-Length: 16
Set-Cookie: _yasc=FGQLJmMfcPZhGOY+GFzYWiH/t/dt6pfLVjyKPsPFZXHmS3VG8BmXO/4Zm8OBuw==; domain=.praktikum-services.ru; path=/; expires=Wed, 17 Oct 2035 21:35:15 GMT; secure
Access-Control-Allow-Origin: *

{
    "track": 268887
}
]]></system-out>
  </testcase>
  <testcase name="createOrderWithDifferentColors(String, String[])[2]" classname="CreateOrderTest" time="0.151">
    <system-out><![CDATA[Request method:	POST
Request URI:	http://qa-scooter.praktikum-services.ru/api/v1/orders
Proxy:			<none>
Request params:	<none>
Query params:	<none>
Form params:	<none>
Path params:	<none>
Headers:		Accept=*/*
				Content-Type=application/json
Cookies:		<none>
Multiparts:		<none>
Body:
{
    "firstName": "Иван",
    "lastName": "Иванов",
    "address": "Москва, ул. Ленина, д. 1",
    "metroStation": "Сокольники",
    "phone": "+79999999999",
    "rentTime": 3,
    "deliveryDate": "2024-12-31",
    "comment": "Тестовый комментарий",
    "color": [
        "GREY"
    ]
}
HTTP/1.1 201 Created
X-Powered-By: Express
Content-Type: application/json; charset=utf-8
Date: Sun, 19 Oct 2025 21:35:15 GMT
Set-Cookie: _yasc=NWzWPivnzqRg6qH68akGAP4FOHsXZYjYnYEF6KkKyNkiJfehcp7+q5a+8DCumw==; domain=.praktikum-services.ru; path=/; expires=Wed, 17 Oct 2035 21:35:15 GMT; secure
Content-Length: 16
Access-Control-Allow-Origin: *
ETag: W/"10-mUjOiHaxUkC0TnroyrZF0ENgCOw"
X-Request-Id: 1760909715199399-12964210457408871600

{
    "track": 449882
}
]]></system-out>
  </testcase>
  <testcase name="createOrderWithDifferentColors(String, String[])[3]" classname="CreateOrderTest" time="0.101">
    <system-out><![CDATA[Request method:	POST
Request URI:	http://qa-scooter.praktikum-services.ru/api/v1/orders
Proxy:			<none>
Request params:	<none>
Query params:	<none>
Form params:	<none>
Path params:	<none>
Headers:		Accept=*/*
				Content-Type=application/json
Cookies:		<none>
Multiparts:		<none>
Body:
{
    "firstName": "Иван",
    "lastName": "Иванов",
    "address": "Москва, ул. Ленина, д. 1",
    "metroStation": "Сокольники",
    "phone": "+79999999999",
    "rentTime": 3,
    "deliveryDate": "2024-12-31",
    "comment": "Тестовый комментарий",
    "color": [
        "BLACK",
        "GREY"
    ]
}
HTTP/1.1 201 Created
Content-Length: 16
Access-Control-Allow-Origin: *
Date: Sun, 19 Oct 2025 21:35:15 GMT
Set-Cookie: _yasc=xz/dUfFCwJB6dZcDJZjErpo0knOpO8tsUkjiEjIH+HDI1vMm2gpZFKV6X+rohQ8=; domain=.praktikum-services.ru; path=/; expires=Wed, 17 Oct 2035 21:35:15 GMT; secure
X-Powered-By: Express
ETag: W/"10-GX+QkH9dbfPWsyCeCfPqfEv/nbs"
Content-Type: application/json; charset=utf-8
X-Request-Id: 1760909715353263-17624606332800411773

{
    "track": 448160
}
]]></system-out>
  </testcase>
  <testcase name="createOrderWithDifferentColors(String, String[])[4]" classname="CreateOrderTest" time="0.107">
    <system-out><![CDATA[Request method:	POST
Request URI:	http://qa-scooter.praktikum-services.ru/api/v1/orders
Proxy:			<none>
Request params:	<none>
Query params:	<none>
Form params:	<none>
Path params:	<none>
Headers:		Accept=*/*
				Content-Type=application/json
Cookies:		<none>
Multiparts:		<none>
Body:
{
    "firstName": "Иван",
    "lastName": "Иванов",
    "address": "Москва, ул. Ленина, д. 1",
    "metroStation": "Сокольники",
    "phone": "+79999999999",
    "rentTime": 3,
    "deliveryDate": "2024-12-31",
    "comment": "Тестовый комментарий",
    "color": [
        
    ]
}
HTTP/1.1 201 Created
ETag: W/"10-IH9ZT3t8FjCl54xOSnpstlrR8l8"
Content-Length: 16
Access-Control-Allow-Origin: *
X-Request-Id: 1760909715449091-11719770126593456870
Set-Cookie: _yasc=wdxJRL/qLfLvwOgu3wDy0XdVqTpQU2dGBb1CzAH83c3ERZ4RWyjr7QmuRQsVHtc=; domain=.praktikum-services.ru; path=/; expires=Wed, 17 Oct 2035 21:35:15 GMT; secure
Content-Type: application/json; charset=utf-8
X-Powered-By: Express
Date: Sun, 19 Oct 2025 21:35:15 GMT

{
    "track": 865272
}
]]></system-out>
  </testcase>
</testsuite>