<?xml version="1.0" encoding="UTF-8"?>
<testsuite xmlns:xsi="http://www.w3.org/2001/XMLSchema-instance" xsi:noNamespaceSchemaLocation="https://maven.apache.org/surefire/maven-surefire-plugin/xsd/surefire-test-report-3.0.xsd" version="3.0" name="CreateOrderTest" time="0.754" tests="4" errors="0" skipped="0" failures="0">
  <properties>
[...]
</properties>
  <testcase name="createOrderWithDifferentColors(String, String[])[1]" classname="CreateOrderTest" time="0.288">
    <system-out><![CDATA[Request method:	POST
Request URI:	http://qa-scooter.praktikum-services.ru/api/v1/orders
Proxy:			<none>
Request params:	<none>
Query params:	<none>
Form params:	<none>
Path params:	<none>
Headers:		Accept=*/*
				Content-Type=application/json
Cookies:		<none>
Multiparts:		<none>
Body:
{
    "firstName": "Иван",
    "lastName": "Иванов",
    "address": "Москва, ул. Ленина, д. 1",
    "metroStation": "Сокольники",
    "phone": "+79999999999",
    "rentTime": 3,
    "deliveryDate": "2024-12-31",
    "comment": "Тестовый комментарий",
    "color": [
        "BLACK"
    ]
}
HTTP/1.1 201 Created
X-Request-Id: 1760910552900376-12866941141916140370
Date: Sun, 19 Oct 2025 21:49:13 GMT
X-Powered-By: Express
Access-Control-Allow-Origin: *
ETag: W/"10-ZpqT3S351QZDx07E0vZaYdMfMSc"
Content-Type: application/json; charset=utf-8
Content-Length: 16
Set-Cookie: _yasc=hsUMLoQFJEeoukp8llES2GzLdP/xnhpqJmlrnG69hrYJCfleOB8fLAFFOSrnHxI=; domain=.praktikum-services.ru; path=/; expires=Wed, 17 Oct 2035 21:49:12 GMT; secure

{
    "track": 244223
}
]]></system-out>
  </testcase>
  <testcase name="createOrderWithDifferentColors(String, String[])[2]" classname="CreateOrderTest" time="0.168">
    <system-out><![CDATA[Request method:	POST
Request URI:	http://qa-scooter.praktikum-services.ru/api/v1/orders
Proxy:			<none>
Request params:	<none>
Query params:	<none>
Form params:	<none>
Path params:	<none>
Headers:		Accept=*/*
				Content-Type=application/json
Cookies:		<none>
Multiparts:		<none>
Body:
{
    "firstName": "Иван",
    "lastName": "Иванов",
    "address": "Москва, ул. Ленина, д. 1",
    "metroStation": "Сокольники",
    "phone": "+79999999999",
    "rentTime": 3,
    "deliveryDate": "2024-12-31",
    "comment": "Тестовый комментарий",
    "color": [
        "GREY"
    ]
}
HTTP/1.1 201 Created
Content-Length: 16
Access-Control-Allow-Origin: *
Set-Cookie: _yasc=egdfXmBw0TTRo30ZycT5hVmacjwWgez3CZ7u6N6aF5NOGNjh1Fq38BNMijJpKo8=; domain=.praktikum-services.ru; path=/; expires=Wed, 17 Oct 2035 21:49:13 GMT; secure
Date: Sun, 19 Oct 2025 21:49:13 GMT
ETag: W/"10-sKeCHXUCWO2+XlK9jQ4XvGuj0wU"
Content-Type: application/json; charset=utf-8
X-Powered-By: Express
X-Request-Id: 1760910553168705-2917779466790233458

{
    "track": 935412
}
]]></system-out>
  </testcase>
  <testcase name="createOrderWithDifferentColors(String, String[])[3]" classname="CreateOrderTest" time="0.112">
    <system-out><![CDATA[Request method:	POST
Request URI:	http://qa-scooter.praktikum-services.ru/api/v1/orders
Proxy:			<none>
Request params:	<none>
Query params:	<none>
Form params:	<none>
Path params:	<none>
Headers:		Accept=*/*
				Content-Type=application/json
Cookies:		<none>
Multiparts:		<none>
Body:
{
    "firstName": "Иван",
    "lastName": "Иванов",
    "address": "Москва, ул. Ленина, д. 1",
    "metroStation": "Сокольники",
    "phone": "+79999999999",
    "rentTime": 3,
    "deliveryDate": "2024-12-31",
    "comment": "Тестовый комментарий",
    "color": [
        "BLACK",
        "GREY"
    ]
}
HTTP/1.1 201 Created
X-Powered-By: Express
Access-Control-Allow-Origin: *
Date: Sun, 19 Oct 2025 21:49:13 GMT
ETag: W/"10-/0Mi2X7A1FYZGzJxkmYtZkDEhx4"
Content-Length: 16
Set-Cookie: _yasc=yEP1AGxUwNFrAWMHmLh2et1pLViEBEls4yea3N6BHC4w7cgt4NITVIZwsUZMh58=; domain=.praktikum-services.ru; path=/; expires=Wed, 17 Oct 2035 21:49:13 GMT; secure
X-Request-Id: 1760910553329474-5095293279672399276
Content-Type: application/json; charset=utf-8

{
    "track": 616919
}
]]></system-out>
  </testcase>
  <testcase name="createOrderWithDifferentColors(String, String[])[4]" classname="CreateOrderTest" time="0.124">
    <system-out><![CDATA[Request method:	POST
Request URI:	http://qa-scooter.praktikum-services.ru/api/v1/orders
Proxy:			<none>
Request params:	<none>
Query params:	<none>
Form params:	<none>
Path params:	<none>
Headers:		Accept=*/*
				Content-Type=application/json
Cookies:		<none>
Multiparts:		<none>
Body:
{
    "firstName": "Иван",
    "lastName": "Иванов",
    "address": "Москва, ул. Ленина, д. 1",
    "metroStation": "Сокольники",
    "phone": "+79999999999",
    "rentTime": 3,
    "deliveryDate": "2024-12-31",
    "comment": "Тестовый комментарий",
    "color": [
        
    ]
}
HTTP/1.1 201 Created
X-Powered-By: Express
Content-Type: application/json; charset=utf-8
Access-Control-Allow-Origin: *
ETag: W/"10-vHC/O/HFOtdFykta+m7tpXN+5dQ"
Content-Length: 16
Date: Sun, 19 Oct 2025 21:49:13 GMT
X-Request-Id: 1760910553447245-4381571723624011023
Set-Cookie: _yasc=yI8GT2gxr1SuPXvQGqeEw2kPr9oTn6gMjq4ZtdyY6xM+1HhKCXgJBI70hgoSdA==; domain=.praktikum-services.ru; path=/; expires=Wed, 17 Oct 2035 21:49:13 GMT; secure

{
    "track": 708986
}
]]></system-out>
  </testcase>
</testsuite>